<?xml version="1.0" encoding="UTF-8"?>
<testsuite name="Cucumber" time="343.018" tests="7" skipped="0" failures="1" errors="0">
<testcase classname="feature to test login funcionality" name="check login is successful with valid credentials" time="47.131">
<system-out><![CDATA[
Given browser is open go-grids..............................................passed
And user is on login page...................................................passed
When user enters username and password......................................passed
And clicks on login button..................................................passed
Then user is navigated to the home page.....................................passed
]]></system-out>
</testcase>
<testcase classname="feature to test login funcionality" name="check login is successful with valid credentials - Example #1.1" time="47.613">
<system-out><![CDATA[
Given browser is open go-grids..............................................passed
And user is on login page...................................................passed
When user enters "away" and "away"..........................................passed
And clicks on login button..................................................passed
Then user is navigated to the home page.....................................passed
]]></system-out>
</testcase>
<testcase classname="feature to test login funcionality" name="check login is successful with valid credentials - Example #1.2" time="48.979">
<system-out><![CDATA[
Given browser is open go-grids..............................................passed
And user is on login page...................................................passed
When user enters "kuncenaman" and "tes123!!"................................passed
And clicks on login button..................................................passed
Then user is navigated to the home page.....................................passed
]]></system-out>
</testcase>
<testcase classname="feature to test login funcionality" name="check login is successful with valid credentials - Example #1.3" time="50.284">
<system-out><![CDATA[
Given browser is open go-grids..............................................passed
And user is on login page...................................................passed
When user enters "<blank>" and "<blank>"....................................passed
And clicks on login button..................................................passed
Then user is navigated to the home page.....................................passed
]]></system-out>
</testcase>
<testcase classname="feature to test login funcionality" name="check login is successful with valid credentials - Example #1.4" time="56.017">
<system-out><![CDATA[
Given browser is open go-grids..............................................passed
And user is on login page...................................................passed
When user enters "away" and "<blank>".......................................passed
And clicks on login button..................................................passed
Then user is navigated to the home page.....................................passed
]]></system-out>
</testcase>
<testcase classname="feature to test login funcionality" name="check login is successful with valid credentials - Example #1.5" time="47.048">
<system-out><![CDATA[
Given browser is open go-grids..............................................passed
And user is on login page...................................................passed
When user enters "<blank>" and "tes123".....................................passed
And clicks on login button..................................................passed
Then user is navigated to the home page.....................................passed
]]></system-out>
</testcase>
<testcase classname="feature to test logout funcionality" name="logout is successful with valid credentials" time="45.562">
<failure/>
<system-out><![CDATA[
Given user is login on page.................................................passed
When user click profile.....................................................passed
And click on logout icon....................................................passed
Then user is navigated to login page........................................undefined
]]></system-out>
</testcase>
</testsuite>
